TN:
SF:nodes/Enhance/PicsartEnhance.node.ts
FN:9,(anonymous_0)
FN:71,(anonymous_1)
FNF:2
FNH:0
FNDA:0,(anonymous_0)
FNDA:0,(anonymous_1)
DA:7,0
DA:9,0
DA:10,0
DA:72,0
DA:73,0
DA:78,0
DA:79,0
DA:80,0
DA:81,0
DA:82,0
DA:83,0
DA:84,0
DA:86,0
DA:87,0
DA:90,0
DA:91,0
DA:97,0
DA:100,0
DA:102,0
DA:108,0
DA:109,0
DA:111,0
DA:112,0
DA:118,0
DA:119,0
DA:120,0
DA:121,0
DA:122,0
DA:123,0
DA:129,0
DA:130,0
DA:136,0
DA:137,0
DA:138,0
DA:146,0
DA:153,0
DA:154,0
DA:155,0
DA:164,0
DA:166,0
DA:167,0
DA:168,0
DA:170,0
DA:171,0
DA:172,0
DA:173,0
DA:174,0
DA:175,0
DA:176,0
DA:177,0
DA:186,0
DA:192,0
DA:194,0
DA:196,0
DA:197,0
DA:214,0
DA:215,0
DA:217,0
DA:222,0
LF:59
LH:0
BRDA:86,0,0,0
BRDA:86,0,1,0
BRDA:90,1,0,0
BRDA:90,1,1,0
BRDA:90,2,0,0
BRDA:90,2,1,0
BRDA:90,2,2,0
BRDA:109,3,0,0
BRDA:109,3,1,0
BRDA:111,4,0,0
BRDA:111,4,1,0
BRDA:120,5,0,0
BRDA:120,5,1,0
BRDA:121,6,0,0
BRDA:121,6,1,0
BRDA:129,7,0,0
BRDA:129,7,1,0
BRDA:129,8,0,0
BRDA:129,8,1,0
BRDA:136,9,0,0
BRDA:136,9,1,0
BRDA:137,10,0,0
BRDA:137,10,1,0
BRDA:137,11,0,0
BRDA:137,11,1,0
BRDA:188,12,0,0
BRDA:188,12,1,0
BRDA:188,13,0,0
BRDA:188,13,1,0
BRDA:188,14,0,0
BRDA:188,14,1,0
BRDA:188,15,0,0
BRDA:188,15,1,0
BRDA:194,16,0,0
BRDA:194,16,1,0
BRDA:194,17,0,0
BRDA:194,17,1,0
BRDA:194,18,0,0
BRDA:194,18,1,0
BRDA:194,19,0,0
BRDA:194,19,1,0
BRDA:196,20,0,0
BRDA:196,20,1,0
BRDA:196,21,0,0
BRDA:196,21,1,0
BRDA:196,22,0,0
BRDA:196,22,1,0
BRDA:205,23,0,0
BRDA:205,23,1,0
BRDA:206,24,0,0
BRDA:206,24,1,0
BRDA:206,24,2,0
BRDA:214,25,0,0
BRDA:214,25,1,0
BRF:54
BRH:0
end_of_record
TN:
SF:nodes/PicsartRemoveBackground/PicsartRemoveBackground.node.ts
FN:10,(anonymous_0)
FN:217,(anonymous_1)
FNF:2
FNH:0
FNDA:0,(anonymous_0)
FNDA:0,(anonymous_1)
DA:8,0
DA:10,0
DA:11,0
DA:218,0
DA:219,0
DA:221,0
DA:222,0
DA:224,0
DA:225,0
DA:226,0
DA:227,0
DA:228,0
DA:229,0
DA:230,0
DA:231,0
DA:232,0
DA:233,0
DA:234,0
DA:235,0
DA:236,0
DA:237,0
DA:239,0
DA:240,0
DA:242,0
DA:243,0
DA:244,0
DA:253,0
DA:256,0
DA:259,0
DA:260,0
DA:261,0
DA:262,0
DA:263,0
DA:264,0
DA:265,0
DA:266,0
DA:267,0
DA:268,0
DA:269,0
DA:270,0
DA:271,0
DA:272,0
DA:273,0
DA:274,0
DA:283,0
DA:289,0
DA:291,0
DA:293,0
DA:308,0
DA:309,0
DA:311,0
DA:318,0
LF:52
LH:0
BRDA:239,0,0,0
BRDA:239,0,1,0
BRDA:285,1,0,0
BRDA:285,1,1,0
BRDA:285,2,0,0
BRDA:285,2,1,0
BRDA:285,3,0,0
BRDA:285,3,1,0
BRDA:285,4,0,0
BRDA:285,4,1,0
BRDA:291,5,0,0
BRDA:291,5,1,0
BRDA:291,6,0,0
BRDA:291,6,1,0
BRDA:291,7,0,0
BRDA:291,7,1,0
BRDA:301,8,0,0
BRDA:301,8,1,0
BRDA:302,9,0,0
BRDA:302,9,1,0
BRDA:302,9,2,0
BRDA:308,10,0,0
BRDA:308,10,1,0
BRDA:311,11,0,0
BRDA:311,11,1,0
BRDA:311,12,0,0
BRDA:311,12,1,0
BRDA:311,13,0,0
BRDA:311,13,1,0
BRDA:311,14,0,0
BRDA:311,14,1,0
BRF:31
BRH:0
end_of_record
TN:
SF:nodes/TextToImage/PicsartTextToImage.node.ts
FN:23,(anonymous_0)
FN:134,(anonymous_1)
FN:241,(anonymous_2)
FNF:3
FNH:3
FNDA:43,(anonymous_0)
FNDA:38,(anonymous_1)
FNDA:4,(anonymous_2)
DA:7,1
DA:23,1
DA:24,43
DA:135,38
DA:136,38
DA:138,38
DA:139,38
DA:141,38
DA:142,38
DA:143,38
DA:144,38
DA:145,38
DA:146,38
DA:147,38
DA:148,38
DA:151,38
DA:152,1
DA:155,37
DA:156,3
DA:159,34
DA:160,2
DA:163,32
DA:164,32
DA:165,1
DA:168,31
DA:169,1
DA:173,30
DA:174,30
DA:175,30
DA:184,1
DA:192,29
DA:200,29
DA:201,3
DA:205,29
DA:206,29
DA:217,4
DA:218,4
DA:222,25
DA:224,25
DA:225,1
DA:233,24
DA:234,24
DA:235,24
DA:238,24
DA:240,28
DA:241,4
DA:244,28
DA:245,28
DA:255,28
DA:256,21
DA:260,7
DA:261,2
DA:270,2
DA:271,2
DA:274,0
DA:275,0
DA:282,5
DA:286,22
DA:287,1
DA:295,21
DA:296,21
DA:299,21
DA:302,40
DA:303,40
DA:309,1
DA:317,39
DA:318,39
DA:320,39
DA:345,18
DA:346,1
DA:356,17
DA:357,17
DA:360,0
DA:365,21
LF:74
LH:71
BRDA:151,0,0,1
BRDA:151,0,1,37
BRDA:155,1,0,3
BRDA:155,1,1,34
BRDA:155,2,0,37
BRDA:155,2,1,35
BRDA:159,3,0,2
BRDA:159,3,1,32
BRDA:159,4,0,34
BRDA:159,4,1,33
BRDA:164,5,0,1
BRDA:164,5,1,31
BRDA:168,6,0,1
BRDA:168,6,1,30
BRDA:186,7,0,1
BRDA:186,7,1,0
BRDA:200,8,0,3
BRDA:200,8,1,26
BRDA:200,9,0,29
BRDA:200,9,1,3
BRDA:217,10,0,4
BRDA:217,10,1,0
BRDA:217,10,2,0
BRDA:217,11,0,0
BRDA:217,11,1,4
BRDA:217,12,0,4
BRDA:217,12,1,4
BRDA:217,13,0,0
BRDA:217,13,1,4
BRDA:217,14,0,4
BRDA:217,14,1,4
BRDA:224,15,0,1
BRDA:224,15,1,24
BRDA:240,16,0,4
BRDA:240,16,1,24
BRDA:255,17,0,21
BRDA:255,17,1,7
BRDA:255,18,0,28
BRDA:255,18,1,21
BRDA:255,19,0,0
BRDA:255,19,1,21
BRDA:255,20,0,21
BRDA:255,20,1,21
BRDA:255,21,0,0
BRDA:255,21,1,21
BRDA:255,22,0,21
BRDA:255,22,1,21
BRDA:260,23,0,2
BRDA:260,23,1,5
BRDA:260,24,0,7
BRDA:260,24,1,6
BRDA:263,25,0,2
BRDA:263,25,1,0
BRDA:270,26,0,2
BRDA:270,26,1,0
BRDA:274,27,0,0
BRDA:274,27,1,0
BRDA:274,27,2,0
BRDA:274,28,0,0
BRDA:274,28,1,0
BRDA:274,29,0,0
BRDA:274,29,1,0
BRDA:274,30,0,0
BRDA:274,30,1,0
BRDA:274,31,0,0
BRDA:274,31,1,0
BRDA:286,32,0,1
BRDA:286,32,1,21
BRDA:286,33,0,22
BRDA:286,33,1,22
BRDA:286,33,2,21
BRDA:286,34,0,0
BRDA:286,34,1,21
BRDA:286,35,0,21
BRDA:286,35,1,21
BRDA:286,36,0,0
BRDA:286,36,1,21
BRDA:286,37,0,21
BRDA:286,37,1,21
BRDA:289,38,0,1
BRDA:289,38,1,0
BRDA:289,39,0,0
BRDA:289,39,1,1
BRDA:289,40,0,1
BRDA:289,40,1,1
BRDA:296,41,0,21
BRDA:296,41,1,0
BRDA:296,42,0,0
BRDA:296,42,1,21
BRDA:296,43,0,21
BRDA:296,43,1,21
BRDA:318,44,0,39
BRDA:318,44,1,0
BRDA:326,45,0,39
BRDA:326,45,1,35
BRDA:327,46,0,39
BRDA:327,46,1,0
BRDA:336,47,0,39
BRDA:336,47,1,0
BRDA:337,48,0,39
BRDA:337,48,1,36
BRDA:337,48,2,0
BRDA:345,49,0,1
BRDA:345,49,1,17
BRDA:349,50,0,1
BRDA:349,50,1,0
BRDA:356,51,0,17
BRDA:356,51,1,0
BRF:108
BRH:76
end_of_record
